*** Starting uWSGI 2.0.15 (64bit) on [Mon Feb  5 22:28:50 2018] ***
compiled with version: 5.4.0 20160609 on 05 February 2018 10:10:30
os: Linux-4.4.0-1050-aws #59-Ubuntu SMP Tue Jan 30 19:57:10 UTC 2018
nodename: ip-172-31-16-46
machine: x86_64
clock source: unix
detected number of CPU cores: 1
current working directory: /home/ubuntu/BindexFund
detected binary path: /usr/local/bin/uwsgi
!!! no internal routing support, rebuild with pcre support !!!
uWSGI running as root, you can use --uid/--gid/--chroot options
*** WARNING: you are running uWSGI as root !!! (use the --uid flag) *** 
*** WARNING: you are running uWSGI without its master process manager ***
your processes number limit is 3900
your memory page size is 4096 bytes
detected max file descriptor number: 1024
lock engine: pthread robust mutexes
thunder lock: disabled (you can enable it with --thunder-lock)
probably another instance of uWSGI is running on the same address (0.0.0.0:80).
bind(): Address already in use [core/socket.c line 769]
